Fitter report for mouse
Thu Jul 12 12:02:21 2018
Quartus II Version 9.0 Build 235 06/17/2009 Service Pack 2 SJ Web Edition


---------------------
; Table of Contents ;
---------------------
  1. Legal Notice
  2. Fitter Summary
  3. Fitter Settings
  4. Parallel Compilation
  5. Fitter Device Options
  6. Input Pins
  7. Output Pins
  8. Bidir Pins
  9. All Package Pins
 10. Control Signals
 11. Global & Other Fast Signals
 12. Carry Chains
 13. Cascade Chains
 14. Non-Global High Fan-Out Signals
 15. Peripheral Signals
 16. LAB
 17. Local Routing Interconnect
 18. LAB External Interconnect
 19. Row Interconnect
 20. LAB Column Interconnect
 21. LAB Column Interconnect
 22. Fitter Resource Usage Summary
 23. Fitter Resource Utilization by Entity
 24. Delay Chain Summary
 25. Pin-Out File
 26. Fitter Messages



----------------
; Legal Notice ;
----------------
Copyright (C) 1991-2009 Altera Corporation
Your use of Altera Corporation's design tools, logic functions 
and other software and tools, and its AMPP partner logic 
functions, and any output files from any of the foregoing 
(including device programming or simulation files), and any 
associated documentation or information are expressly subject 
to the terms and conditions of the Altera Program License 
Subscription Agreement, Altera MegaCore Function License 
Agreement, or other applicable license agreement, including, 
without limitation, that your use is for the sole purpose of 
programming logic devices manufactured by Altera and sold by 
Altera or its authorized distributors.  Please refer to the 
applicable agreement for further details.



+----------------------------------------------------------------------+
; Fitter Summary                                                       ;
+-----------------------+----------------------------------------------+
; Fitter Status         ; Successful - Thu Jul 12 12:02:21 2018        ;
; Quartus II Version    ; 9.0 Build 235 06/17/2009 SP 2 SJ Web Edition ;
; Revision Name         ; mouse                                        ;
; Top-level Entity Name ; mouse                                        ;
; Family                ; FLEX10K                                      ;
; Device                ; EPF10K20RC240-4                              ;
; Timing Models         ; Final                                        ;
; Total logic elements  ; 930 / 1,152 ( 81 % )                         ;
; Total pins            ; 25 / 189 ( 13 % )                            ;
; Total memory bits     ; 0 / 12,288 ( 0 % )                           ;
+-----------------------+----------------------------------------------+


+------------------------------------------------------------------------------------------------------+
; Fitter Settings                                                                                      ;
+------------------------------------------------------------+--------------------+--------------------+
; Option                                                     ; Setting            ; Default Value      ;
+------------------------------------------------------------+--------------------+--------------------+
; Device                                                     ; EPF10K20RC240-4    ;                    ;
; Use smart compilation                                      ; Off                ; Off                ;
; Use TimeQuest Timing Analyzer                              ; Off                ; Off                ;
; Router Timing Optimization Level                           ; Normal             ; Normal             ;
; Placement Effort Multiplier                                ; 1.0                ; 1.0                ;
; Router Effort Multiplier                                   ; 1.0                ; 1.0                ;
; Optimize Timing                                            ; Normal compilation ; Normal compilation ;
; Optimize Timing for ECOs                                   ; Off                ; Off                ;
; Regenerate full fit report during ECO compiles             ; Off                ; Off                ;
; Optimize IOC Register Placement for Timing                 ; On                 ; On                 ;
; Limit to One Fitting Attempt                               ; Off                ; Off                ;
; Final Placement Optimizations                              ; Automatically      ; Automatically      ;
; Fitter Aggressive Routability Optimizations                ; Automatically      ; Automatically      ;
; Fitter Initial Placement Seed                              ; 1                  ; 1                  ;
; Slow Slew Rate                                             ; Off                ; Off                ;
; Auto Global Memory Control Signals                         ; Off                ; Off                ;
; Logic Cell Insertion - Individual Logic Cells              ; On                 ; On                 ;
; Logic Cell Insertion - I/Os Fed By Carry or Cascade Chains ; On                 ; On                 ;
; Fitter Effort                                              ; Auto Fit           ; Auto Fit           ;
; Auto Global Clock                                          ; On                 ; On                 ;
; Auto Global Output Enable                                  ; On                 ; On                 ;
; Auto Global Register Control Signals                       ; On                 ; On                 ;
; Force Fitter to Avoid Periphery Placement Warnings         ; Off                ; Off                ;
+------------------------------------------------------------+--------------------+--------------------+


Parallel compilation was disabled, but you have multiple processors available. Enable parallel compilation to reduce compilation time.
+-------------------------------------+
; Parallel Compilation                ;
+----------------------------+--------+
; Processors                 ; Number ;
+----------------------------+--------+
; Number detected on machine ; 2      ;
; Maximum allowed            ; 1      ;
+----------------------------+--------+


+--------------------------------------------------------------------+
; Fitter Device Options                                              ;
+----------------------------------------------+---------------------+
; Option                                       ; Setting             ;
+----------------------------------------------+---------------------+
; Enable user-supplied start-up clock (CLKUSR) ; Off                 ;
; Enable device-wide reset (DEV_CLRn)          ; Off                 ;
; Enable device-wide output enable (DEV_OE)    ; Off                 ;
; Enable INIT_DONE output                      ; Off                 ;
; Configuration scheme                         ; Passive Serial      ;
; nWS, nRS, nCS, CS                            ; Unreserved          ;
; RDYnBUSY                                     ; Unreserved          ;
; Data[7..1]                                   ; Unreserved          ;
; Reserve all unused pins                      ; As input tri-stated ;
; Base pin-out file on sameframe device        ; Off                 ;
+----------------------------------------------+---------------------+


+-----------------------------------------------------------------------------------------------------------------------------------------+
; Input Pins                                                                                                                              ;
+---------+-------+-----+------+---------+--------+--------------+-------------------------+---------------+---------------+--------------+
; Name    ; Pin # ; Row ; Col. ; Fan-Out ; Global ; I/O Register ; Use Local Routing Input ; Power Up High ; Single-Pin CE ; I/O Standard ;
+---------+-------+-----+------+---------+--------+--------------+-------------------------+---------------+---------------+--------------+
; clk     ; 91    ; --  ; --   ; 183     ; yes    ; no           ; no                      ; no            ; no            ; TTL          ;
; reset_n ; 28    ;  C  ; --   ; 131     ; no     ; no           ; no                      ; no            ; no            ; TTL          ;
+---------+-------+-----+------+---------+--------+--------------+-------------------------+---------------+---------------+--------------+


+--------------------------------------------------------------------------------------------------------------------------------------------------------------------------------------------+
; Output Pins                                                                                                                                                                                ;
+----------------+-------+-----+------+--------------+--------------------------+---------------+----------------+---------------+---------------+------------+---------------+--------------+
; Name           ; Pin # ; Row ; Col. ; I/O Register ; Use Local Routing Output ; Power Up High ; Slow Slew Rate ; Single-Pin OE ; Single-Pin CE ; Open Drain ; TRI Primitive ; I/O Standard ;
+----------------+-------+-----+------+--------------+--------------------------+---------------+----------------+---------------+---------------+------------+---------------+--------------+
; FLEX_DIGIT1_DP ; 25    ;  C  ; --   ; no           ; no                       ; no            ; no             ; no            ; no            ; no         ; no            ; TTL          ;
; FLEX_DIGIT2_DP ; 14    ;  B  ; --   ; no           ; no                       ; no            ; no             ; no            ; no            ; no         ; no            ; TTL          ;
; G              ; 237   ; --  ; 24   ; no           ; no                       ; no            ; no             ; no            ; no            ; no         ; no            ; TTL          ;
; H              ; 240   ;  A  ; --   ; no           ; no                       ; no            ; no             ; no            ; no            ; no         ; no            ; TTL          ;
; V              ; 239   ;  A  ; --   ; no           ; no                       ; no            ; no             ; no            ; no            ; no         ; no            ; TTL          ;
; LSD[6]         ; 17    ;  B  ; --   ; no           ; no                       ; no            ; no             ; no            ; no            ; no         ; no            ; TTL          ;
; LSD[5]         ; 18    ;  B  ; --   ; no           ; no                       ; no            ; no             ; no            ; no            ; no         ; no            ; TTL          ;
; LSD[4]         ; 19    ;  B  ; --   ; no           ; no                       ; no            ; no             ; no            ; no            ; no         ; no            ; TTL          ;
; LSD[3]         ; 20    ;  B  ; --   ; no           ; no                       ; no            ; no             ; no            ; no            ; no         ; no            ; TTL          ;
; LSD[2]         ; 21    ;  B  ; --   ; no           ; no                       ; no            ; no             ; no            ; no            ; no         ; no            ; TTL          ;
; LSD[1]         ; 23    ;  C  ; --   ; no           ; no                       ; no            ; no             ; no            ; no            ; no         ; no            ; TTL          ;
; LSD[0]         ; 24    ;  C  ; --   ; no           ; no                       ; no            ; no             ; no            ; no            ; no         ; no            ; TTL          ;
; MSD[6]         ; 6     ;  A  ; --   ; no           ; no                       ; no            ; no             ; no            ; no            ; no         ; no            ; TTL          ;
; MSD[5]         ; 7     ;  A  ; --   ; no           ; no                       ; no            ; no             ; no            ; no            ; no         ; no            ; TTL          ;
; MSD[4]         ; 8     ;  A  ; --   ; no           ; no                       ; no            ; no             ; no            ; no            ; no         ; no            ; TTL          ;
; MSD[3]         ; 9     ;  A  ; --   ; no           ; no                       ; no            ; no             ; no            ; no            ; no         ; no            ; TTL          ;
; MSD[2]         ; 11    ;  A  ; --   ; no           ; no                       ; no            ; no             ; no            ; no            ; no         ; no            ; TTL          ;
; MSD[1]         ; 12    ;  A  ; --   ; no           ; no                       ; no            ; no             ; no            ; no            ; no         ; no            ; TTL          ;
; MSD[0]         ; 13    ;  B  ; --   ; no           ; no                       ; no            ; no             ; no            ; no            ; no         ; no            ; TTL          ;
; R              ; 236   ; --  ; 23   ; no           ; no                       ; no            ; no             ; no            ; no            ; no         ; no            ; TTL          ;
; B              ; 238   ; --  ; 24   ; no           ; no                       ; no            ; no             ; no            ; no            ; no         ; no            ; TTL          ;
+----------------+-------+-----+------+--------------+--------------------------+---------------+----------------+---------------+---------------+------------+---------------+--------------+


+-----------------------------------------------------------------------------------------------------------------------------------------------------------------------------------------------------------------------------------+
; Bidir Pins                                                                                                                                                                                                                        ;
+----------+-------+-----+------+---------+--------+--------------+-------------------------+--------------------------+---------------+----------------+---------------+---------------+---------------+------------+--------------+
; Name     ; Pin # ; Row ; Col. ; Fan-Out ; Global ; I/O Register ; Use Local Routing Input ; Use Local Routing Output ; Power Up High ; Slow Slew Rate ; Single-Pin OE ; Single-Pin CE ; Single-Pin OE ; Open Drain ; I/O Standard ;
+----------+-------+-----+------+---------+--------+--------------+-------------------------+--------------------------+---------------+----------------+---------------+---------------+---------------+------------+--------------+
; ps2_clk  ; 30    ;  C  ; --   ; 1       ; no     ; no           ; no                      ; no                       ; no            ; no             ; no            ; no            ; no            ; yes        ; TTL          ;
; ps2_data ; 31    ;  D  ; --   ; 1       ; no     ; no           ; no                      ; no                       ; no            ; no             ; no            ; no            ; no            ; no         ; TTL          ;
+----------+-------+-----+------+---------+--------+--------------+-------------------------+--------------------------+---------------+----------------+---------------+---------------+---------------+------------+--------------+


+---------------------------------------+
; All Package Pins                      ;
+-------+----------------+--------------+
; Pin # ; Usage          ; I/O Standard ;
+-------+----------------+--------------+
; 1     ; #TCK           ;              ;
; 2     ; ^CONF_DONE     ;              ;
; 3     ; ^nCEO          ;              ;
; 4     ; #TDO           ;              ;
; 5     ; VCC_INT        ;              ;
; 6     ; MSD[6]         ; TTL          ;
; 7     ; MSD[5]         ; TTL          ;
; 8     ; MSD[4]         ; TTL          ;
; 9     ; MSD[3]         ; TTL          ;
; 10    ; GND_INT        ;              ;
; 11    ; MSD[2]         ; TTL          ;
; 12    ; MSD[1]         ; TTL          ;
; 13    ; MSD[0]         ; TTL          ;
; 14    ; FLEX_DIGIT2_DP ; TTL          ;
; 15    ; RESERVED_INPUT ;              ;
; 16    ; VCC_INT        ;              ;
; 17    ; LSD[6]         ; TTL          ;
; 18    ; LSD[5]         ; TTL          ;
; 19    ; LSD[4]         ; TTL          ;
; 20    ; LSD[3]         ; TTL          ;
; 21    ; LSD[2]         ; TTL          ;
; 22    ; GND_INT        ;              ;
; 23    ; LSD[1]         ; TTL          ;
; 24    ; LSD[0]         ; TTL          ;
; 25    ; FLEX_DIGIT1_DP ; TTL          ;
; 26    ; RESERVED_INPUT ;              ;
; 27    ; VCC_INT        ;              ;
; 28    ; reset_n        ; TTL          ;
; 29    ; RESERVED_INPUT ;              ;
; 30    ; ps2_clk        ; TTL          ;
; 31    ; ps2_data       ; TTL          ;
; 32    ; GND_INT        ;              ;
; 33    ; RESERVED_INPUT ;              ;
; 34    ; RESERVED_INPUT ;              ;
; 35    ; RESERVED_INPUT ;              ;
; 36    ; RESERVED_INPUT ;              ;
; 37    ; VCC_INT        ;              ;
; 38    ; RESERVED_INPUT ;              ;
; 39    ; RESERVED_INPUT ;              ;
; 40    ; RESERVED_INPUT ;              ;
; 41    ; RESERVED_INPUT ;              ;
; 42    ; GND_INT        ;              ;
; 43    ; RESERVED_INPUT ;              ;
; 44    ; RESERVED_INPUT ;              ;
; 45    ; RESERVED_INPUT ;              ;
; 46    ; RESERVED_INPUT ;              ;
; 47    ; VCC_INT        ;              ;
; 48    ; RESERVED_INPUT ;              ;
; 49    ; RESERVED_INPUT ;              ;
; 50    ; RESERVED_INPUT ;              ;
; 51    ; RESERVED_INPUT ;              ;
; 52    ; GND_INT        ;              ;
; 53    ; RESERVED_INPUT ;              ;
; 54    ; RESERVED_INPUT ;              ;
; 55    ; RESERVED_INPUT ;              ;
; 56    ; RESERVED_INPUT ;              ;
; 57    ; VCC_INT        ;              ;
; 58    ; #TMS           ;              ;
; 59    ; #TRST          ;              ;
; 60    ; ^nSTATUS       ;              ;
; 61    ; RESERVED_INPUT ;              ;
; 62    ; RESERVED_INPUT ;              ;
; 63    ; RESERVED_INPUT ;              ;
; 64    ; RESERVED_INPUT ;              ;
; 65    ; RESERVED_INPUT ;              ;
; 66    ; RESERVED_INPUT ;              ;
; 67    ; RESERVED_INPUT ;              ;
; 68    ; RESERVED_INPUT ;              ;
; 69    ; GND_INT        ;              ;
; 70    ; RESERVED_INPUT ;              ;
; 71    ; RESERVED_INPUT ;              ;
; 72    ; RESERVED_INPUT ;              ;
; 73    ; RESERVED_INPUT ;              ;
; 74    ; RESERVED_INPUT ;              ;
; 75    ; RESERVED_INPUT ;              ;
; 76    ; RESERVED_INPUT ;              ;
; 77    ; VCC_INT        ;              ;
; 78    ; RESERVED_INPUT ;              ;
; 79    ; RESERVED_INPUT ;              ;
; 80    ; RESERVED_INPUT ;              ;
; 81    ; RESERVED_INPUT ;              ;
; 82    ; RESERVED_INPUT ;              ;
; 83    ; RESERVED_INPUT ;              ;
; 84    ; RESERVED_INPUT ;              ;
; 85    ; GND_INT        ;              ;
; 86    ; RESERVED_INPUT ;              ;
; 87    ; RESERVED_INPUT ;              ;
; 88    ; RESERVED_INPUT ;              ;
; 89    ; VCC_INT        ;              ;
; 90    ; GND+           ;              ;
; 91    ; clk            ; TTL          ;
; 92    ; GND+           ;              ;
; 93    ; GND_INT        ;              ;
; 94    ; RESERVED_INPUT ;              ;
; 95    ; RESERVED_INPUT ;              ;
; 96    ; VCC_INT        ;              ;
; 97    ; RESERVED_INPUT ;              ;
; 98    ; RESERVED_INPUT ;              ;
; 99    ; RESERVED_INPUT ;              ;
; 100   ; RESERVED_INPUT ;              ;
; 101   ; RESERVED_INPUT ;              ;
; 102   ; RESERVED_INPUT ;              ;
; 103   ; RESERVED_INPUT ;              ;
; 104   ; GND_INT        ;              ;
; 105   ; RESERVED_INPUT ;              ;
; 106   ; RESERVED_INPUT ;              ;
; 107   ; RESERVED_INPUT ;              ;
; 108   ; RESERVED_INPUT ;              ;
; 109   ; RESERVED_INPUT ;              ;
; 110   ; RESERVED_INPUT ;              ;
; 111   ; RESERVED_INPUT ;              ;
; 112   ; VCC_INT        ;              ;
; 113   ; RESERVED_INPUT ;              ;
; 114   ; RESERVED_INPUT ;              ;
; 115   ; RESERVED_INPUT ;              ;
; 116   ; RESERVED_INPUT ;              ;
; 117   ; RESERVED_INPUT ;              ;
; 118   ; RESERVED_INPUT ;              ;
; 119   ; RESERVED_INPUT ;              ;
; 120   ; RESERVED_INPUT ;              ;
; 121   ; ^nCONFIG       ;              ;
; 122   ; VCC_INT        ;              ;
; 123   ; ^MSEL1         ;              ;
; 124   ; ^MSEL0         ;              ;
; 125   ; GND_INT        ;              ;
; 126   ; RESERVED_INPUT ;              ;
; 127   ; RESERVED_INPUT ;              ;
; 128   ; RESERVED_INPUT ;              ;
; 129   ; RESERVED_INPUT ;              ;
; 130   ; VCC_INT        ;              ;
; 131   ; RESERVED_INPUT ;              ;
; 132   ; RESERVED_INPUT ;              ;
; 133   ; RESERVED_INPUT ;              ;
; 134   ; RESERVED_INPUT ;              ;
; 135   ; GND_INT        ;              ;
; 136   ; RESERVED_INPUT ;              ;
; 137   ; RESERVED_INPUT ;              ;
; 138   ; RESERVED_INPUT ;              ;
; 139   ; RESERVED_INPUT ;              ;
; 140   ; VCC_INT        ;              ;
; 141   ; RESERVED_INPUT ;              ;
; 142   ; RESERVED_INPUT ;              ;
; 143   ; RESERVED_INPUT ;              ;
; 144   ; RESERVED_INPUT ;              ;
; 145   ; GND_INT        ;              ;
; 146   ; RESERVED_INPUT ;              ;
; 147   ; RESERVED_INPUT ;              ;
; 148   ; RESERVED_INPUT ;              ;
; 149   ; RESERVED_INPUT ;              ;
; 150   ; VCC_INT        ;              ;
; 151   ; RESERVED_INPUT ;              ;
; 152   ; RESERVED_INPUT ;              ;
; 153   ; RESERVED_INPUT ;              ;
; 154   ; RESERVED_INPUT ;              ;
; 155   ; GND_INT        ;              ;
; 156   ; RESERVED_INPUT ;              ;
; 157   ; RESERVED_INPUT ;              ;
; 158   ; RESERVED_INPUT ;              ;
; 159   ; RESERVED_INPUT ;              ;
; 160   ; VCC_INT        ;              ;
; 161   ; RESERVED_INPUT ;              ;
; 162   ; RESERVED_INPUT ;              ;
; 163   ; RESERVED_INPUT ;              ;
; 164   ; RESERVED_INPUT ;              ;
; 165   ; GND_INT        ;              ;
; 166   ; RESERVED_INPUT ;              ;
; 167   ; RESERVED_INPUT ;              ;
; 168   ; RESERVED_INPUT ;              ;
; 169   ; RESERVED_INPUT ;              ;
; 170   ; VCC_INT        ;              ;
; 171   ; RESERVED_INPUT ;              ;
; 172   ; RESERVED_INPUT ;              ;
; 173   ; RESERVED_INPUT ;              ;
; 174   ; RESERVED_INPUT ;              ;
; 175   ; RESERVED_INPUT ;              ;
; 176   ; GND_INT        ;              ;
; 177   ; #TDI           ;              ;
; 178   ; ^nCE           ;              ;
; 179   ; ^DCLK          ;              ;
; 180   ; ^DATA0         ;              ;
; 181   ; RESERVED_INPUT ;              ;
; 182   ; RESERVED_INPUT ;              ;
; 183   ; RESERVED_INPUT ;              ;
; 184   ; RESERVED_INPUT ;              ;
; 185   ; RESERVED_INPUT ;              ;
; 186   ; RESERVED_INPUT ;              ;
; 187   ; RESERVED_INPUT ;              ;
; 188   ; RESERVED_INPUT ;              ;
; 189   ; VCC_INT        ;              ;
; 190   ; RESERVED_INPUT ;              ;
; 191   ; RESERVED_INPUT ;              ;
; 192   ; RESERVED_INPUT ;              ;
; 193   ; RESERVED_INPUT ;              ;
; 194   ; RESERVED_INPUT ;              ;
; 195   ; RESERVED_INPUT ;              ;
; 196   ; RESERVED_INPUT ;              ;
; 197   ; GND_INT        ;              ;
; 198   ; RESERVED_INPUT ;              ;
; 199   ; RESERVED_INPUT ;              ;
; 200   ; RESERVED_INPUT ;              ;
; 201   ; RESERVED_INPUT ;              ;
; 202   ; RESERVED_INPUT ;              ;
; 203   ; RESERVED_INPUT ;              ;
; 204   ; RESERVED_INPUT ;              ;
; 205   ; VCC_INT        ;              ;
; 206   ; RESERVED_INPUT ;              ;
; 207   ; RESERVED_INPUT ;              ;
; 208   ; RESERVED_INPUT ;              ;
; 209   ; RESERVED_INPUT ;              ;
; 210   ; GND+           ;              ;
; 211   ; GND+           ;              ;
; 212   ; GND+           ;              ;
; 213   ; RESERVED_INPUT ;              ;
; 214   ; RESERVED_INPUT ;              ;
; 215   ; RESERVED_INPUT ;              ;
; 216   ; GND_INT        ;              ;
; 217   ; RESERVED_INPUT ;              ;
; 218   ; RESERVED_INPUT ;              ;
; 219   ; RESERVED_INPUT ;              ;
; 220   ; RESERVED_INPUT ;              ;
; 221   ; RESERVED_INPUT ;              ;
; 222   ; RESERVED_INPUT ;              ;
; 223   ; RESERVED_INPUT ;              ;
; 224   ; VCC_INT        ;              ;
; 225   ; RESERVED_INPUT ;              ;
; 226   ; RESERVED_INPUT ;              ;
; 227   ; RESERVED_INPUT ;              ;
; 228   ; RESERVED_INPUT ;              ;
; 229   ; RESERVED_INPUT ;              ;
; 230   ; RESERVED_INPUT ;              ;
; 231   ; RESERVED_INPUT ;              ;
; 232   ; GND_INT        ;              ;
; 233   ; RESERVED_INPUT ;              ;
; 234   ; RESERVED_INPUT ;              ;
; 235   ; RESERVED_INPUT ;              ;
; 236   ; R              ; TTL          ;
; 237   ; G              ; TTL          ;
; 238   ; B              ; TTL          ;
; 239   ; V              ; TTL          ;
; 240   ; H              ; TTL          ;
+-------+----------------+--------------+


+------------------------------------------------------------------------------------------------------------------------------------------------------------------------+
; Control Signals                                                                                                                                                        ;
+-----------------------------------------------------------------------------------------+---------+---------+-------------------------------------------+--------------+
; Name                                                                                    ; Pin #   ; Fan-Out ; Usage                                     ; Global Usage ;
+-----------------------------------------------------------------------------------------+---------+---------+-------------------------------------------+--------------+
; ps2_mouse:inst|ps2_transceiver:ps2_transceiver_0|ps2_data~en                            ; LC1_B8  ; 1       ; Output enable                             ; Non-global   ;
; clk                                                                                     ; 91      ; 183     ; Clock                                     ; Pin          ;
; VGAdrive:inst9|row[0]                                                                   ; LC4_B2  ; 4       ; Sync. load                                ; Non-global   ;
; divfreq:inst18|temporal                                                                 ; LC1_D12 ; 85      ; Clock                                     ; Internal     ;
; reset_n                                                                                 ; 28      ; 131     ; Async. clear / Clock enable / Async. load ; Non-global   ;
; ps2_mouse:inst|tx_ena~2                                                                 ; LC5_D1  ; 1       ; Clock enable                              ; Non-global   ;
; ps2_mouse:inst|mouse_data_int[21]~96                                                    ; LC1_C15 ; 4       ; Clock enable                              ; Non-global   ;
; ps2_mouse:inst|mouse_data_int[15]~97                                                    ; LC8_C15 ; 2       ; Clock enable                              ; Non-global   ;
; ps2_mouse:inst|mouse_data[21]~24                                                        ; LC4_C15 ; 20      ; Clock enable                              ; Non-global   ;
; ps2_mouse:inst|mouse_data_int[15]~100                                                   ; LC1_C18 ; 8       ; Clock enable                              ; Non-global   ;
; ps2_mouse:inst|mouse_data_int[0]~99                                                     ; LC5_C18 ; 8       ; Clock enable                              ; Non-global   ;
; ps2_mouse:inst|ps2_transceiver:ps2_transceiver_0|ps2_code[7]~25                         ; LC6_B3  ; 8       ; Clock enable                              ; Non-global   ;
; ps2_mouse:inst|ps2_transceiver:ps2_transceiver_0|Selector27~1                           ; LC6_E2  ; 6       ; Clock enable                              ; Non-global   ;
; ps2_mouse:inst|ps2_transceiver:ps2_transceiver_0|tx_busy~1                              ; LC7_D1  ; 1       ; Clock enable                              ; Non-global   ;
; ps2_mouse:inst|ps2_transceiver:ps2_transceiver_0|Selector31~1                           ; LC4_B8  ; 2       ; Clock enable                              ; Non-global   ;
; ps2_mouse:inst|ps2_transceiver:ps2_transceiver_0|Selector34~0                           ; LC2_B8  ; 1       ; Clock enable                              ; Non-global   ;
; ps2_mouse:inst|ps2_transceiver:ps2_transceiver_0|debounce:debounce_ps2_data|counter_set ; LC4_D22 ; 7       ; Sync. clear                               ; Non-global   ;
; ps2_mouse:inst|ps2_transceiver:ps2_transceiver_0|debounce:debounce_ps2_clk|counter_set  ; LC3_D5  ; 7       ; Sync. clear                               ; Non-global   ;
; divfreq:inst18|Equal0~5                                                                 ; LC2_D12 ; 1       ; Clock enable                              ; Non-global   ;
; ps2_mouse:inst|ps2_transceiver:ps2_transceiver_0|debounce:debounce_ps2_data|result~1    ; LC7_D22 ; 1       ; Clock enable                              ; Non-global   ;
; ps2_mouse:inst|ps2_transceiver:ps2_transceiver_0|debounce:debounce_ps2_clk|result~1     ; LC7_D5  ; 1       ; Clock enable                              ; Non-global   ;
+-----------------------------------------------------------------------------------------+---------+---------+-------------------------------------------+--------------+


+------------------------------------------------------+
; Global & Other Fast Signals                          ;
+-------------------------+---------+---------+--------+
; Name                    ; Pin #   ; Fan-Out ; Global ;
+-------------------------+---------+---------+--------+
; clk                     ; 91      ; 183     ; yes    ;
; divfreq:inst18|temporal ; LC1_D12 ; 85      ; yes    ;
+-------------------------+---------+---------+--------+


+---------------------------------------------+
; Carry Chains                                ;
+--------------------+------------------------+
; Carry Chain Length ; Number of Carry Chains ;
+--------------------+------------------------+
; 0 - 2              ; 0                      ;
; 3 - 5              ; 1                      ;
; 6 - 8              ; 2                      ;
; 9 - 11             ; 7                      ;
; 12 - 14            ; 0                      ;
; 15 - 17            ; 1                      ;
; 18 - 20            ; 0                      ;
; 21 - 23            ; 0                      ;
; 24 - 26            ; 0                      ;
; 27 - 29            ; 1                      ;
; 30 - 32            ; 5                      ;
+--------------------+------------------------+


+----------------+
; Cascade Chains ;
+--------+-------+
; Length ; Count ;
+--------+-------+
; 2      ; 20    ;
; 3      ; 6     ;
+--------+-------+


+---------------------------------------------------------------------------------------------------------------+
; Non-Global High Fan-Out Signals                                                                               ;
+-----------------------------------------------------------------------------------------------------+---------+
; Name                                                                                                ; Fan-Out ;
+-----------------------------------------------------------------------------------------------------+---------+
; reset_n                                                                                             ; 131     ;
; mira:inst1|count1~232                                                                               ; 59      ;
; greaterthan:inst24|lpm_compare:lpm_compare_component|comptree:comparator|cmpchain:cmp_end|agb_out~0 ; 33      ;
; greaterthan:inst25|lpm_compare:lpm_compare_component|comptree:comparator|cmpchain:cmp_end|agb_out~0 ; 33      ;
; ps2_mouse:inst|mouse_data[21]~45                                                                    ; 32      ;
; mira:inst1|count~302                                                                                ; 32      ;
; mira:inst1|LessThan4~33                                                                             ; 31      ;
; ps2_mouse:inst|mouse_data[20]~57                                                                    ; 31      ;
; mira:inst1|LessThan5~29                                                                             ; 30      ;
; ps2_mouse:inst|ps2_transceiver:ps2_transceiver_0|state.receive~2                                    ; 30      ;
; VGAdrive:inst9|LessThan0~7                                                                          ; 30      ;
; mira:inst1|count1~265                                                                               ; 27      ;
; ps2_mouse:inst|mouse_data[21]~56                                                                    ; 20      ;
; ps2_mouse:inst|ps2_transceiver:ps2_transceiver_0|state.inhibit~2                                    ; 17      ;
; ps2_mouse:inst|ps2_transceiver:ps2_transceiver_0|LessThan1~7                                        ; 16      ;
; ps2_mouse:inst|tx_ena~4                                                                             ; 16      ;
; ps2_mouse:inst|mouse_data[7]~53                                                                     ; 15      ;
; VGAdrive:inst9|vertical~40                                                                          ; 15      ;
; VGAdrive:inst9|column[9]~11                                                                         ; 15      ;
; VGAdrive:inst9|column[8]~12                                                                         ; 15      ;
; ps2_mouse:inst|ps2_transceiver:ps2_transceiver_0|LessThan0~5                                        ; 12      ;
; ps2_mouse:inst|ps2_transceiver:ps2_transceiver_0|state.transact~2                                   ; 12      ;
; divfreq:inst18|lpm_add_sub:Add0|addcore:adder|a_csnbuffer:result_node|cs_buffer[0]~COUT             ; 12      ;
; divfreq:inst18|Equal0~10                                                                            ; 12      ;
; ps2_mouse:inst|ps2_transceiver:ps2_transceiver_0|debounce:debounce_ps2_clk|result~3                 ; 12      ;
; ps2_mouse:inst|mouse_data[4]~50                                                                     ; 12      ;
; ps2_mouse:inst|ps2_transceiver:ps2_transceiver_0|Selector0~3                                        ; 11      ;
; ps2_mouse:inst|mouse_data[5]~51                                                                     ; 11      ;
; ps2_mouse:inst|mouse_data[6]~52                                                                     ; 11      ;
; ps2_mouse:inst|ps2_transceiver:ps2_transceiver_0|Selector19~2                                       ; 10      ;
; VGAdrive:inst9|LessThan0~6                                                                          ; 10      ;
; ps2_mouse:inst|ps2_transceiver:ps2_transceiver_0|debounce:debounce_ps2_clk|counter_out[7]~30        ; 10      ;
; ps2_mouse:inst|ps2_transceiver:ps2_transceiver_0|debounce:debounce_ps2_data|counter_out[7]~30       ; 10      ;
; ps2_mouse:inst|mouse_data[0]~46                                                                     ; 10      ;
; ps2_mouse:inst|mouse_data[2]~48                                                                     ; 10      ;
; ps2_mouse:inst|mouse_data[1]~47                                                                     ; 10      ;
; ps2_mouse:inst|mouse_data[3]~49                                                                     ; 10      ;
; VGAdrive:inst9|row[9]~3                                                                             ; 10      ;
; ps2_mouse:inst|process_0~3                                                                          ; 9       ;
; ps2_mouse:inst|mouse_data_int[0]~135                                                                ; 8       ;
; ps2_mouse:inst|ps2_transceiver:ps2_transceiver_0|ps2_code[7]~43                                     ; 8       ;
; ps2_mouse:inst|mouse_data[15]~58                                                                    ; 8       ;
; VGAdrive:inst9|row[3]~6                                                                             ; 8       ;
; VGAdrive:inst9|row[4]~8                                                                             ; 8       ;
; VGAdrive:inst9|row[5]~11                                                                            ; 8       ;
; VGAdrive:inst9|row[7]~9                                                                             ; 8       ;
; VGAdrive:inst9|row[6]~10                                                                            ; 8       ;
; VGAdrive:inst9|row[8]~4                                                                             ; 8       ;
; mira:inst1|lpm_add_sub:Add1|addcore:adder|a_csnbuffer:result_node|cs_buffer[0]~COUT                 ; 8       ;
; ps2_mouse:inst|mouse_data_int[15]~138                                                               ; 8       ;
+-----------------------------------------------------------------------------------------------------+---------+


+-------------------------------------------------------------------------------------------------------------------------------------------------+
; Peripheral Signals                                                                                                                              ;
+--------------------------------------------------------------+---------+---------------+-----------------+---------------------------+----------+
; Peripheral Signal                                            ; Source  ; Usage         ; Dedicated Clock ; Peripheral Control Signal ; Polarity ;
+--------------------------------------------------------------+---------+---------------+-----------------+---------------------------+----------+
; ps2_mouse:inst|ps2_transceiver:ps2_transceiver_0|ps2_data~en ; LC1_B8  ; Output enable ; no              ; yes                       ; +ve      ;
; divfreq:inst18|temporal                                      ; LC1_D12 ; Clock         ; no              ; yes                       ; +ve      ;
+--------------------------------------------------------------+---------+---------------+-----------------+---------------------------+----------+


+-------------------------------------------+
; LAB                                       ;
+--------------------------+----------------+
; Number of Logic Elements ; Number of LABs ;
+--------------------------+----------------+
; 0                        ; 4              ;
; 1                        ; 6              ;
; 2                        ; 10             ;
; 3                        ; 6              ;
; 4                        ; 3              ;
; 5                        ; 5              ;
; 6                        ; 10             ;
; 7                        ; 11             ;
; 8                        ; 89             ;
+--------------------------+----------------+


+----------------------------------------------+
; Local Routing Interconnect                   ;
+-----------------------------+----------------+
; Local Routing Interconnects ; Number of LABs ;
+-----------------------------+----------------+
; 0                           ; 38             ;
; 1                           ; 13             ;
; 2                           ; 14             ;
; 3                           ; 21             ;
; 4                           ; 17             ;
; 5                           ; 12             ;
; 6                           ; 13             ;
; 7                           ; 12             ;
; 8                           ; 4              ;
+-----------------------------+----------------+


+---------------------------------------------+
; LAB External Interconnect                   ;
+----------------------------+----------------+
; LAB External Interconnects ; Number of LABs ;
+----------------------------+----------------+
; 0                          ; 4              ;
; 1                          ; 10             ;
; 2                          ; 3              ;
; 3                          ; 3              ;
; 4                          ; 7              ;
; 5                          ; 3              ;
; 6                          ; 6              ;
; 7                          ; 16             ;
; 8                          ; 35             ;
; 9                          ; 21             ;
; 10                         ; 12             ;
; 11                         ; 4              ;
; 12                         ; 5              ;
; 13                         ; 5              ;
; 14                         ; 4              ;
; 15                         ; 3              ;
; 16                         ; 1              ;
; 17                         ; 2              ;
+----------------------------+----------------+


+------------------------------------------------------------------------------------------+
; Row Interconnect                                                                         ;
+-------+---------------------+-----------------------------+------------------------------+
; Row   ; Interconnect Used   ; Left Half Interconnect Used ; Right Half Interconnect Used ;
+-------+---------------------+-----------------------------+------------------------------+
;  A    ;  74 / 96 ( 77 % )   ;  34 / 48 ( 71 % )           ;  38 / 48 ( 79 % )            ;
;  B    ;  41 / 96 ( 43 % )   ;  39 / 48 ( 81 % )           ;  34 / 48 ( 71 % )            ;
;  C    ;  76 / 96 ( 79 % )   ;  42 / 48 ( 88 % )           ;  17 / 48 ( 35 % )            ;
;  D    ;  43 / 96 ( 45 % )   ;  35 / 48 ( 73 % )           ;  37 / 48 ( 77 % )            ;
;  E    ;  15 / 96 ( 16 % )   ;  40 / 48 ( 83 % )           ;  30 / 48 ( 63 % )            ;
;  F    ;  66 / 96 ( 69 % )   ;  30 / 48 ( 63 % )           ;  39 / 48 ( 81 % )            ;
; Total ;  315 / 576 ( 55 % ) ;  220 / 288 ( 76 % )         ;  195 / 288 ( 68 % )          ;
+-------+---------------------+-----------------------------+------------------------------+


+-----------------------------+
; LAB Column Interconnect     ;
+-------+---------------------+
; Col.  ; Interconnect Used   ;
+-------+---------------------+
; 1     ;  10 / 24 ( 42 % )   ;
; 2     ;  8 / 24 ( 33 % )    ;
; 3     ;  3 / 24 ( 13 % )    ;
; 4     ;  6 / 24 ( 25 % )    ;
; 5     ;  8 / 24 ( 33 % )    ;
; 6     ;  10 / 24 ( 42 % )   ;
; 7     ;  13 / 24 ( 54 % )   ;
; 8     ;  10 / 24 ( 42 % )   ;
; 9     ;  4 / 24 ( 17 % )    ;
; 10    ;  11 / 24 ( 46 % )   ;
; 11    ;  3 / 24 ( 13 % )    ;
; 12    ;  10 / 24 ( 42 % )   ;
; 13    ;  5 / 24 ( 21 % )    ;
; 14    ;  1 / 24 ( 4 % )     ;
; 15    ;  10 / 24 ( 42 % )   ;
; 16    ;  4 / 24 ( 17 % )    ;
; 17    ;  8 / 24 ( 33 % )    ;
; 18    ;  5 / 24 ( 21 % )    ;
; 19    ;  7 / 24 ( 29 % )    ;
; 20    ;  4 / 24 ( 17 % )    ;
; 21    ;  2 / 24 ( 8 % )     ;
; 22    ;  6 / 24 ( 25 % )    ;
; 23    ;  4 / 24 ( 17 % )    ;
; 24    ;  3 / 24 ( 13 % )    ;
; Total ;  155 / 576 ( 27 % ) ;
+-------+---------------------+


+---------------------------+
; LAB Column Interconnect   ;
+-------+-------------------+
; Col.  ; Interconnect Used ;
+-------+-------------------+
; 1     ;  0 / 24 ( 0 % )   ;
; Total ;  0 / 24 ( 0 % )   ;
+-------+-------------------+


+----------------------------------------------------------+
; Fitter Resource Usage Summary                            ;
+-----------------------------------+----------------------+
; Resource                          ; Usage                ;
+-----------------------------------+----------------------+
; Total logic elements              ; 930 / 1,152 ( 81 % ) ;
; Registers                         ; 267 / 1,152 ( 23 % ) ;
; Logic elements in carry chains    ; 295                  ;
; User inserted logic elements      ; 0                    ;
; I/O pins                          ; 25 / 189 ( 13 % )    ;
;     -- Clock pins                 ; 3 / 2 ( 150 % )      ;
;     -- Dedicated input pins       ; 4 / 4 ( 100 % )      ;
; Global signals                    ; 2                    ;
; EABs                              ; 0 / 6 ( 0 % )        ;
; Total memory bits                 ; 0 / 12,288 ( 0 % )   ;
; Total RAM block bits              ; 0 / 12,288 ( 0 % )   ;
; Maximum fan-out node              ; clk                  ;
; Maximum fan-out                   ; 183                  ;
; Highest non-global fan-out signal ; reset_n              ;
; Highest non-global fan-out        ; 131                  ;
; Total fan-out                     ; 3116                 ;
; Average fan-out                   ; 3.26                 ;
+-----------------------------------+----------------------+


+-------------------------------------------------------------------------------------------------------------------------------------------------------------------------------------------------------------------------------------------------------------------------------------------------------------------------------------------------------------+
; Fitter Resource Utilization by Entity                                                                                                                                                                                                                                                                                                                       ;
+------------------------------------------------+-------------+--------------+-------------+------+--------------+-------------------+------------------+-----------------+------------+------------------------------------------------------------------------------------------------------------------------------------------------------+--------------+
; Compilation Hierarchy Node                     ; Logic Cells ; LC Registers ; Memory Bits ; Pins ; LUT-Only LCs ; Register-Only LCs ; LUT/Register LCs ; Carry Chain LCs ; Packed LCs ; Full Hierarchy Name                                                                                                                                  ; Library Name ;
+------------------------------------------------+-------------+--------------+-------------+------+--------------+-------------------+------------------+-----------------+------------+------------------------------------------------------------------------------------------------------------------------------------------------------+--------------+
; |mouse                                         ; 930 (3)     ; 267          ; 0           ; 25   ; 663 (1)      ; 111 (1)           ; 156 (1)          ; 295 (0)         ; 0 (0)      ; |mouse                                                                                                                                               ; work         ;
;    |Registrador:inst20|                        ; 10 (0)      ; 10           ; 0           ; 0    ; 0 (0)        ; 10 (0)            ; 0 (0)            ; 0 (0)           ; 0 (0)      ; |mouse|Registrador:inst20                                                                                                                            ; work         ;
;       |lpm_ff:lpm_ff_component|                ; 10 (10)     ; 10           ; 0           ; 0    ; 0 (0)        ; 10 (10)           ; 0 (0)            ; 0 (0)           ; 0 (0)      ; |mouse|Registrador:inst20|lpm_ff:lpm_ff_component                                                                                                    ; work         ;
;    |Registrador:inst21|                        ; 10 (0)      ; 10           ; 0           ; 0    ; 0 (0)        ; 10 (0)            ; 0 (0)            ; 0 (0)           ; 0 (0)      ; |mouse|Registrador:inst21                                                                                                                            ; work         ;
;       |lpm_ff:lpm_ff_component|                ; 10 (10)     ; 10           ; 0           ; 0    ; 0 (0)        ; 10 (10)           ; 0 (0)            ; 0 (0)           ; 0 (0)      ; |mouse|Registrador:inst21|lpm_ff:lpm_ff_component                                                                                                    ; work         ;
;    |Registrador:inst22|                        ; 10 (0)      ; 10           ; 0           ; 0    ; 0 (0)        ; 10 (0)            ; 0 (0)            ; 0 (0)           ; 0 (0)      ; |mouse|Registrador:inst22                                                                                                                            ; work         ;
;       |lpm_ff:lpm_ff_component|                ; 10 (10)     ; 10           ; 0           ; 0    ; 0 (0)        ; 10 (10)           ; 0 (0)            ; 0 (0)           ; 0 (0)      ; |mouse|Registrador:inst22|lpm_ff:lpm_ff_component                                                                                                    ; work         ;
;    |Registrador:inst23|                        ; 10 (0)      ; 10           ; 0           ; 0    ; 0 (0)        ; 10 (0)            ; 0 (0)            ; 0 (0)           ; 0 (0)      ; |mouse|Registrador:inst23                                                                                                                            ; work         ;
;       |lpm_ff:lpm_ff_component|                ; 10 (10)     ; 10           ; 0           ; 0    ; 0 (0)        ; 10 (10)           ; 0 (0)            ; 0 (0)           ; 0 (0)      ; |mouse|Registrador:inst23|lpm_ff:lpm_ff_component                                                                                                    ; work         ;
;    |VGAdrive:inst9|                            ; 67 (49)     ; 22           ; 0           ; 0    ; 45 (27)      ; 0 (0)             ; 22 (22)          ; 20 (2)          ; 0 (0)      ; |mouse|VGAdrive:inst9                                                                                                                                ; work         ;
;       |lpm_add_sub:Add0|                       ; 9 (0)       ; 0            ; 0           ; 0    ; 9 (0)        ; 0 (0)             ; 0 (0)            ; 9 (0)           ; 0 (0)      ; |mouse|VGAdrive:inst9|lpm_add_sub:Add0                                                                                                               ; work         ;
;          |addcore:adder|                       ; 9 (1)       ; 0            ; 0           ; 0    ; 9 (1)        ; 0 (0)             ; 0 (0)            ; 9 (1)           ; 0 (0)      ; |mouse|VGAdrive:inst9|lpm_add_sub:Add0|addcore:adder                                                                                                 ; work         ;
;             |a_csnbuffer:result_node|          ; 8 (8)       ; 0            ; 0           ; 0    ; 8 (8)        ; 0 (0)             ; 0 (0)            ; 8 (8)           ; 0 (0)      ; |mouse|VGAdrive:inst9|lpm_add_sub:Add0|addcore:adder|a_csnbuffer:result_node                                                                         ; work         ;
;       |lpm_add_sub:Add1|                       ; 9 (0)       ; 0            ; 0           ; 0    ; 9 (0)        ; 0 (0)             ; 0 (0)            ; 9 (0)           ; 0 (0)      ; |mouse|VGAdrive:inst9|lpm_add_sub:Add1                                                                                                               ; work         ;
;          |addcore:adder|                       ; 9 (1)       ; 0            ; 0           ; 0    ; 9 (1)        ; 0 (0)             ; 0 (0)            ; 9 (1)           ; 0 (0)      ; |mouse|VGAdrive:inst9|lpm_add_sub:Add1|addcore:adder                                                                                                 ; work         ;
;             |a_csnbuffer:result_node|          ; 8 (8)       ; 0            ; 0           ; 0    ; 8 (8)        ; 0 (0)             ; 0 (0)            ; 8 (8)           ; 0 (0)      ; |mouse|VGAdrive:inst9|lpm_add_sub:Add1|addcore:adder|a_csnbuffer:result_node                                                                         ; work         ;
;    |divfreq:inst18|                            ; 40 (24)     ; 18           ; 0           ; 0    ; 22 (6)       ; 6 (6)             ; 12 (12)          ; 17 (1)          ; 0 (0)      ; |mouse|divfreq:inst18                                                                                                                                ; work         ;
;       |lpm_add_sub:Add0|                       ; 16 (0)      ; 0            ; 0           ; 0    ; 16 (0)       ; 0 (0)             ; 0 (0)            ; 16 (0)          ; 0 (0)      ; |mouse|divfreq:inst18|lpm_add_sub:Add0                                                                                                               ; work         ;
;          |addcore:adder|                       ; 16 (1)      ; 0            ; 0           ; 0    ; 16 (1)       ; 0 (0)             ; 0 (0)            ; 16 (1)          ; 0 (0)      ; |mouse|divfreq:inst18|lpm_add_sub:Add0|addcore:adder                                                                                                 ; work         ;
;             |a_csnbuffer:result_node|          ; 15 (15)     ; 0            ; 0           ; 0    ; 15 (15)      ; 0 (0)             ; 0 (0)            ; 15 (15)         ; 0 (0)      ; |mouse|divfreq:inst18|lpm_add_sub:Add0|addcore:adder|a_csnbuffer:result_node                                                                         ; work         ;
;    |greaterthan:inst24|                        ; 10 (0)      ; 0            ; 0           ; 0    ; 10 (0)       ; 0 (0)             ; 0 (0)            ; 10 (0)          ; 0 (0)      ; |mouse|greaterthan:inst24                                                                                                                            ; work         ;
;       |lpm_compare:lpm_compare_component|      ; 10 (0)      ; 0            ; 0           ; 0    ; 10 (0)       ; 0 (0)             ; 0 (0)            ; 10 (0)          ; 0 (0)      ; |mouse|greaterthan:inst24|lpm_compare:lpm_compare_component                                                                                          ; work         ;
;          |comptree:comparator|                 ; 10 (0)      ; 0            ; 0           ; 0    ; 10 (0)       ; 0 (0)             ; 0 (0)            ; 10 (0)          ; 0 (0)      ; |mouse|greaterthan:inst24|lpm_compare:lpm_compare_component|comptree:comparator                                                                      ; work         ;
;             |cmpchain:cmp_end|                 ; 10 (10)     ; 0            ; 0           ; 0    ; 10 (10)      ; 0 (0)             ; 0 (0)            ; 10 (10)         ; 0 (0)      ; |mouse|greaterthan:inst24|lpm_compare:lpm_compare_component|comptree:comparator|cmpchain:cmp_end                                                     ; work         ;
;    |greaterthan:inst25|                        ; 10 (0)      ; 0            ; 0           ; 0    ; 10 (0)       ; 0 (0)             ; 0 (0)            ; 10 (0)          ; 0 (0)      ; |mouse|greaterthan:inst25                                                                                                                            ; work         ;
;       |lpm_compare:lpm_compare_component|      ; 10 (0)      ; 0            ; 0           ; 0    ; 10 (0)       ; 0 (0)             ; 0 (0)            ; 10 (0)          ; 0 (0)      ; |mouse|greaterthan:inst25|lpm_compare:lpm_compare_component                                                                                          ; work         ;
;          |comptree:comparator|                 ; 10 (0)      ; 0            ; 0           ; 0    ; 10 (0)       ; 0 (0)             ; 0 (0)            ; 10 (0)          ; 0 (0)      ; |mouse|greaterthan:inst25|lpm_compare:lpm_compare_component|comptree:comparator                                                                      ; work         ;
;             |cmpchain:cmp_end|                 ; 10 (10)     ; 0            ; 0           ; 0    ; 10 (10)      ; 0 (0)             ; 0 (0)            ; 10 (10)         ; 0 (0)      ; |mouse|greaterthan:inst25|lpm_compare:lpm_compare_component|comptree:comparator|cmpchain:cmp_end                                                     ; work         ;
;    |hexa7seg:inst3|                            ; 14 (14)     ; 0            ; 0           ; 0    ; 14 (14)      ; 0 (0)             ; 0 (0)            ; 0 (0)           ; 0 (0)      ; |mouse|hexa7seg:inst3                                                                                                                                ; work         ;
;    |mira:inst1|                                ; 459 (279)   ; 64           ; 0           ; 0    ; 395 (215)    ; 0 (0)             ; 64 (64)          ; 185 (5)         ; 0 (0)      ; |mouse|mira:inst1                                                                                                                                    ; work         ;
;       |lpm_add_sub:Add0|                       ; 30 (0)      ; 0            ; 0           ; 0    ; 30 (0)       ; 0 (0)             ; 0 (0)            ; 30 (0)          ; 0 (0)      ; |mouse|mira:inst1|lpm_add_sub:Add0                                                                                                                   ; work         ;
;          |addcore:adder|                       ; 30 (1)      ; 0            ; 0           ; 0    ; 30 (1)       ; 0 (0)             ; 0 (0)            ; 30 (1)          ; 0 (0)      ; |mouse|mira:inst1|lpm_add_sub:Add0|addcore:adder                                                                                                     ; work         ;
;             |a_csnbuffer:result_node|          ; 29 (29)     ; 0            ; 0           ; 0    ; 29 (29)      ; 0 (0)             ; 0 (0)            ; 29 (29)         ; 0 (0)      ; |mouse|mira:inst1|lpm_add_sub:Add0|addcore:adder|a_csnbuffer:result_node                                                                             ; work         ;
;       |lpm_add_sub:Add1|                       ; 28 (0)      ; 0            ; 0           ; 0    ; 28 (0)       ; 0 (0)             ; 0 (0)            ; 28 (0)          ; 0 (0)      ; |mouse|mira:inst1|lpm_add_sub:Add1                                                                                                                   ; work         ;
;          |addcore:adder|                       ; 28 (1)      ; 0            ; 0           ; 0    ; 28 (1)       ; 0 (0)             ; 0 (0)            ; 28 (1)          ; 0 (0)      ; |mouse|mira:inst1|lpm_add_sub:Add1|addcore:adder                                                                                                     ; work         ;
;             |a_csnbuffer:result_node|          ; 27 (27)     ; 0            ; 0           ; 0    ; 27 (27)      ; 0 (0)             ; 0 (0)            ; 27 (27)         ; 0 (0)      ; |mouse|mira:inst1|lpm_add_sub:Add1|addcore:adder|a_csnbuffer:result_node                                                                             ; work         ;
;       |lpm_add_sub:Add2|                       ; 29 (0)      ; 0            ; 0           ; 0    ; 29 (0)       ; 0 (0)             ; 0 (0)            ; 29 (0)          ; 0 (0)      ; |mouse|mira:inst1|lpm_add_sub:Add2                                                                                                                   ; work         ;
;          |addcore:adder|                       ; 29 (1)      ; 0            ; 0           ; 0    ; 29 (1)       ; 0 (0)             ; 0 (0)            ; 29 (1)          ; 0 (0)      ; |mouse|mira:inst1|lpm_add_sub:Add2|addcore:adder                                                                                                     ; work         ;
;             |a_csnbuffer:result_node|          ; 28 (28)     ; 0            ; 0           ; 0    ; 28 (28)      ; 0 (0)             ; 0 (0)            ; 28 (28)         ; 0 (0)      ; |mouse|mira:inst1|lpm_add_sub:Add2|addcore:adder|a_csnbuffer:result_node                                                                             ; work         ;
;       |lpm_add_sub:Add3|                       ; 30 (0)      ; 0            ; 0           ; 0    ; 30 (0)       ; 0 (0)             ; 0 (0)            ; 30 (0)          ; 0 (0)      ; |mouse|mira:inst1|lpm_add_sub:Add3                                                                                                                   ; work         ;
;          |addcore:adder|                       ; 30 (1)      ; 0            ; 0           ; 0    ; 30 (1)       ; 0 (0)             ; 0 (0)            ; 30 (1)          ; 0 (0)      ; |mouse|mira:inst1|lpm_add_sub:Add3|addcore:adder                                                                                                     ; work         ;
;             |a_csnbuffer:result_node|          ; 29 (29)     ; 0            ; 0           ; 0    ; 29 (29)      ; 0 (0)             ; 0 (0)            ; 29 (29)         ; 0 (0)      ; |mouse|mira:inst1|lpm_add_sub:Add3|addcore:adder|a_csnbuffer:result_node                                                                             ; work         ;
;       |lpm_add_sub:Add4|                       ; 31 (0)      ; 0            ; 0           ; 0    ; 31 (0)       ; 0 (0)             ; 0 (0)            ; 31 (0)          ; 0 (0)      ; |mouse|mira:inst1|lpm_add_sub:Add4                                                                                                                   ; work         ;
;          |addcore:adder|                       ; 31 (1)      ; 0            ; 0           ; 0    ; 31 (1)       ; 0 (0)             ; 0 (0)            ; 31 (1)          ; 0 (0)      ; |mouse|mira:inst1|lpm_add_sub:Add4|addcore:adder                                                                                                     ; work         ;
;             |a_csnbuffer:result_node|          ; 30 (30)     ; 0            ; 0           ; 0    ; 30 (30)      ; 0 (0)             ; 0 (0)            ; 30 (30)         ; 0 (0)      ; |mouse|mira:inst1|lpm_add_sub:Add4|addcore:adder|a_csnbuffer:result_node                                                                             ; work         ;
;       |lpm_add_sub:Add7|                       ; 32 (0)      ; 0            ; 0           ; 0    ; 32 (0)       ; 0 (0)             ; 0 (0)            ; 32 (0)          ; 0 (0)      ; |mouse|mira:inst1|lpm_add_sub:Add7                                                                                                                   ; work         ;
;          |addcore:adder|                       ; 32 (1)      ; 0            ; 0           ; 0    ; 32 (1)       ; 0 (0)             ; 0 (0)            ; 32 (1)          ; 0 (0)      ; |mouse|mira:inst1|lpm_add_sub:Add7|addcore:adder                                                                                                     ; work         ;
;             |a_csnbuffer:result_node|          ; 31 (31)     ; 0            ; 0           ; 0    ; 31 (31)      ; 0 (0)             ; 0 (0)            ; 31 (31)         ; 0 (0)      ; |mouse|mira:inst1|lpm_add_sub:Add7|addcore:adder|a_csnbuffer:result_node                                                                             ; work         ;
;    |multplicador:inst16|                       ; 18 (0)      ; 0            ; 0           ; 0    ; 18 (0)       ; 0 (0)             ; 0 (0)            ; 11 (0)          ; 0 (0)      ; |mouse|multplicador:inst16                                                                                                                           ; work         ;
;       |lpm_mult:lpm_mult_component|            ; 18 (0)      ; 0            ; 0           ; 0    ; 18 (0)       ; 0 (0)             ; 0 (0)            ; 11 (0)          ; 0 (0)      ; |mouse|multplicador:inst16|lpm_mult:lpm_mult_component                                                                                               ; work         ;
;          |multcore:mult_core|                  ; 18 (7)      ; 0            ; 0           ; 0    ; 18 (7)       ; 0 (0)             ; 0 (0)            ; 11 (0)          ; 0 (0)      ; |mouse|multplicador:inst16|lpm_mult:lpm_mult_component|multcore:mult_core                                                                            ; work         ;
;             |mpar_add:padder|                  ; 11 (0)      ; 0            ; 0           ; 0    ; 11 (0)       ; 0 (0)             ; 0 (0)            ; 11 (0)          ; 0 (0)      ; |mouse|multplicador:inst16|lpm_mult:lpm_mult_component|multcore:mult_core|mpar_add:padder                                                            ; work         ;
;                |lpm_add_sub:adder[0]|          ; 11 (0)      ; 0            ; 0           ; 0    ; 11 (0)       ; 0 (0)             ; 0 (0)            ; 11 (0)          ; 0 (0)      ; |mouse|multplicador:inst16|lpm_mult:lpm_mult_component|multcore:mult_core|mpar_add:padder|lpm_add_sub:adder[0]                                       ; work         ;
;                   |addcore:adder|              ; 11 (1)      ; 0            ; 0           ; 0    ; 11 (1)       ; 0 (0)             ; 0 (0)            ; 11 (1)          ; 0 (0)      ; |mouse|multplicador:inst16|lpm_mult:lpm_mult_component|multcore:mult_core|mpar_add:padder|lpm_add_sub:adder[0]|addcore:adder                         ; work         ;
;                      |a_csnbuffer:result_node| ; 10 (10)     ; 0            ; 0           ; 0    ; 10 (10)      ; 0 (0)             ; 0 (0)            ; 10 (10)         ; 0 (0)      ; |mouse|multplicador:inst16|lpm_mult:lpm_mult_component|multcore:mult_core|mpar_add:padder|lpm_add_sub:adder[0]|addcore:adder|a_csnbuffer:result_node ; work         ;
;    |multplicador:inst17|                       ; 18 (0)      ; 0            ; 0           ; 0    ; 18 (0)       ; 0 (0)             ; 0 (0)            ; 11 (0)          ; 0 (0)      ; |mouse|multplicador:inst17                                                                                                                           ; work         ;
;       |lpm_mult:lpm_mult_component|            ; 18 (0)      ; 0            ; 0           ; 0    ; 18 (0)       ; 0 (0)             ; 0 (0)            ; 11 (0)          ; 0 (0)      ; |mouse|multplicador:inst17|lpm_mult:lpm_mult_component                                                                                               ; work         ;
;          |multcore:mult_core|                  ; 18 (7)      ; 0            ; 0           ; 0    ; 18 (7)       ; 0 (0)             ; 0 (0)            ; 11 (0)          ; 0 (0)      ; |mouse|multplicador:inst17|lpm_mult:lpm_mult_component|multcore:mult_core                                                                            ; work         ;
;             |mpar_add:padder|                  ; 11 (0)      ; 0            ; 0           ; 0    ; 11 (0)       ; 0 (0)             ; 0 (0)            ; 11 (0)          ; 0 (0)      ; |mouse|multplicador:inst17|lpm_mult:lpm_mult_component|multcore:mult_core|mpar_add:padder                                                            ; work         ;
;                |lpm_add_sub:adder[0]|          ; 11 (0)      ; 0            ; 0           ; 0    ; 11 (0)       ; 0 (0)             ; 0 (0)            ; 11 (0)          ; 0 (0)      ; |mouse|multplicador:inst17|lpm_mult:lpm_mult_component|multcore:mult_core|mpar_add:padder|lpm_add_sub:adder[0]                                       ; work         ;
;                   |addcore:adder|              ; 11 (1)      ; 0            ; 0           ; 0    ; 11 (1)       ; 0 (0)             ; 0 (0)            ; 11 (1)          ; 0 (0)      ; |mouse|multplicador:inst17|lpm_mult:lpm_mult_component|multcore:mult_core|mpar_add:padder|lpm_add_sub:adder[0]|addcore:adder                         ; work         ;
;                      |a_csnbuffer:result_node| ; 10 (10)     ; 0            ; 0           ; 0    ; 10 (10)      ; 0 (0)             ; 0 (0)            ; 10 (10)         ; 0 (0)      ; |mouse|multplicador:inst17|lpm_mult:lpm_mult_component|multcore:mult_core|mpar_add:padder|lpm_add_sub:adder[0]|addcore:adder|a_csnbuffer:result_node ; work         ;
;    |ps2_mouse:inst|                            ; 251 (71)    ; 121          ; 0           ; 0    ; 130 (19)     ; 64 (42)           ; 57 (10)          ; 31 (0)          ; 0 (0)      ; |mouse|ps2_mouse:inst                                                                                                                                ; work         ;
;       |ps2_transceiver:ps2_transceiver_0|      ; 180 (125)   ; 69           ; 0           ; 0    ; 111 (78)     ; 22 (16)           ; 47 (31)          ; 31 (0)          ; 0 (0)      ; |mouse|ps2_mouse:inst|ps2_transceiver:ps2_transceiver_0                                                                                              ; work         ;
;          |debounce:debounce_ps2_clk|           ; 20 (13)     ; 11           ; 0           ; 0    ; 9 (2)        ; 3 (3)             ; 8 (8)            ; 8 (1)           ; 0 (0)      ; |mouse|ps2_mouse:inst|ps2_transceiver:ps2_transceiver_0|debounce:debounce_ps2_clk                                                                    ; work         ;
;             |lpm_add_sub:Add0|                 ; 7 (0)       ; 0            ; 0           ; 0    ; 7 (0)        ; 0 (0)             ; 0 (0)            ; 7 (0)           ; 0 (0)      ; |mouse|ps2_mouse:inst|ps2_transceiver:ps2_transceiver_0|debounce:debounce_ps2_clk|lpm_add_sub:Add0                                                   ; work         ;
;                |addcore:adder|                 ; 7 (1)       ; 0            ; 0           ; 0    ; 7 (1)        ; 0 (0)             ; 0 (0)            ; 7 (1)           ; 0 (0)      ; |mouse|ps2_mouse:inst|ps2_transceiver:ps2_transceiver_0|debounce:debounce_ps2_clk|lpm_add_sub:Add0|addcore:adder                                     ; work         ;
;                   |a_csnbuffer:result_node|    ; 6 (6)       ; 0            ; 0           ; 0    ; 6 (6)        ; 0 (0)             ; 0 (0)            ; 6 (6)           ; 0 (0)      ; |mouse|ps2_mouse:inst|ps2_transceiver:ps2_transceiver_0|debounce:debounce_ps2_clk|lpm_add_sub:Add0|addcore:adder|a_csnbuffer:result_node             ; work         ;
;          |debounce:debounce_ps2_data|          ; 20 (13)     ; 11           ; 0           ; 0    ; 9 (2)        ; 3 (3)             ; 8 (8)            ; 8 (1)           ; 0 (0)      ; |mouse|ps2_mouse:inst|ps2_transceiver:ps2_transceiver_0|debounce:debounce_ps2_data                                                                   ; work         ;
;             |lpm_add_sub:Add0|                 ; 7 (0)       ; 0            ; 0           ; 0    ; 7 (0)        ; 0 (0)             ; 0 (0)            ; 7 (0)           ; 0 (0)      ; |mouse|ps2_mouse:inst|ps2_transceiver:ps2_transceiver_0|debounce:debounce_ps2_data|lpm_add_sub:Add0                                                  ; work         ;
;                |addcore:adder|                 ; 7 (1)       ; 0            ; 0           ; 0    ; 7 (1)        ; 0 (0)             ; 0 (0)            ; 7 (1)           ; 0 (0)      ; |mouse|ps2_mouse:inst|ps2_transceiver:ps2_transceiver_0|debounce:debounce_ps2_data|lpm_add_sub:Add0|addcore:adder                                    ; work         ;
;                   |a_csnbuffer:result_node|    ; 6 (6)       ; 0            ; 0           ; 0    ; 6 (6)        ; 0 (0)             ; 0 (0)            ; 6 (6)           ; 0 (0)      ; |mouse|ps2_mouse:inst|ps2_transceiver:ps2_transceiver_0|debounce:debounce_ps2_data|lpm_add_sub:Add0|addcore:adder|a_csnbuffer:result_node            ; work         ;
;          |lpm_add_sub:Add0|                    ; 11 (0)      ; 0            ; 0           ; 0    ; 11 (0)       ; 0 (0)             ; 0 (0)            ; 11 (0)          ; 0 (0)      ; |mouse|ps2_mouse:inst|ps2_transceiver:ps2_transceiver_0|lpm_add_sub:Add0                                                                             ; work         ;
;             |addcore:adder|                    ; 11 (1)      ; 0            ; 0           ; 0    ; 11 (1)       ; 0 (0)             ; 0 (0)            ; 11 (1)          ; 0 (0)      ; |mouse|ps2_mouse:inst|ps2_transceiver:ps2_transceiver_0|lpm_add_sub:Add0|addcore:adder                                                               ; work         ;
;                |a_csnbuffer:result_node|       ; 10 (10)     ; 0            ; 0           ; 0    ; 10 (10)      ; 0 (0)             ; 0 (0)            ; 10 (10)         ; 0 (0)      ; |mouse|ps2_mouse:inst|ps2_transceiver:ps2_transceiver_0|lpm_add_sub:Add0|addcore:adder|a_csnbuffer:result_node                                       ; work         ;
;          |lpm_add_sub:Add1|                    ; 4 (0)       ; 0            ; 0           ; 0    ; 4 (0)        ; 0 (0)             ; 0 (0)            ; 4 (0)           ; 0 (0)      ; |mouse|ps2_mouse:inst|ps2_transceiver:ps2_transceiver_0|lpm_add_sub:Add1                                                                             ; work         ;
;             |addcore:adder|                    ; 4 (1)       ; 0            ; 0           ; 0    ; 4 (1)        ; 0 (0)             ; 0 (0)            ; 4 (1)           ; 0 (0)      ; |mouse|ps2_mouse:inst|ps2_transceiver:ps2_transceiver_0|lpm_add_sub:Add1|addcore:adder                                                               ; work         ;
;                |a_csnbuffer:result_node|       ; 3 (3)       ; 0            ; 0           ; 0    ; 3 (3)        ; 0 (0)             ; 0 (0)            ; 3 (3)           ; 0 (0)      ; |mouse|ps2_mouse:inst|ps2_transceiver:ps2_transceiver_0|lpm_add_sub:Add1|addcore:adder|a_csnbuffer:result_node                                       ; work         ;
+------------------------------------------------+-------------+--------------+-------------+------+--------------+-------------------+------------------+-----------------+------------+------------------------------------------------------------------------------------------------------------------------------------------------------+--------------+
Note: For table entries with two numbers listed, the numbers in parentheses indicate the number of resources of the given type used by the specific entity alone. The numbers listed outside of parentheses indicate the total resources of the given type used by the specific entity and all of its sub-entities in the hierarchy.


+-----------------------------------------+
; Delay Chain Summary                     ;
+----------------+----------+-------------+
; Name           ; Pin Type ; Pad to Core ;
+----------------+----------+-------------+
; clk            ; Input    ; OFF         ;
; reset_n        ; Input    ; OFF         ;
; FLEX_DIGIT1_DP ; Output   ; OFF         ;
; FLEX_DIGIT2_DP ; Output   ; OFF         ;
; R              ; Output   ; OFF         ;
; G              ; Output   ; OFF         ;
; B              ; Output   ; OFF         ;
; H              ; Output   ; OFF         ;
; V              ; Output   ; OFF         ;
; LSD[6]         ; Output   ; OFF         ;
; LSD[5]         ; Output   ; OFF         ;
; LSD[4]         ; Output   ; OFF         ;
; LSD[3]         ; Output   ; OFF         ;
; LSD[2]         ; Output   ; OFF         ;
; LSD[1]         ; Output   ; OFF         ;
; LSD[0]         ; Output   ; OFF         ;
; MSD[6]         ; Output   ; OFF         ;
; MSD[5]         ; Output   ; OFF         ;
; MSD[4]         ; Output   ; OFF         ;
; MSD[3]         ; Output   ; OFF         ;
; MSD[2]         ; Output   ; OFF         ;
; MSD[1]         ; Output   ; OFF         ;
; MSD[0]         ; Output   ; OFF         ;
; ps2_clk        ; Bidir    ; OFF         ;
; ps2_data       ; Bidir    ; OFF         ;
+----------------+----------+-------------+


+--------------+
; Pin-Out File ;
+--------------+
The pin-out file can be found in C:/Users/Monitor/Downloads/Operacao_Digitais/Projeto_Mouse/mouse.pin.


+-----------------+
; Fitter Messages ;
+-----------------+
Info: *******************************************************************
Info: Running Quartus II Fitter
    Info: Version 9.0 Build 235 06/17/2009 Service Pack 2 SJ Web Edition
    Info: Processing started: Thu Jul 12 12:02:15 2018
Info: Command: quartus_fit --read_settings_files=off --write_settings_files=off mouse -c mouse
Info: Selected device EPF10K20RC240-4 for design "mouse"
Info: Fitter is using the Classic Timing Analyzer
Info: Timing requirements not specified -- optimizing circuit to achieve the following default global requirements
    Info: Assuming a global fmax requirement of 1000 MHz
    Info: Not setting a global tsu requirement
    Info: Not setting a global tco requirement
    Info: Not setting a global tpd requirement
Info: Inserted 0 logic cells in first fitting attempt
Info: Started fitting attempt 1 on Thu Jul 12 2018 at 12:02:15
Info: Fitter placement preparation operations beginning
Info: Fitter placement preparation operations ending: elapsed time is 00:00:02
Info: Fitter placement operations beginning
Info: Fitter placement operations ending: elapsed time is 00:00:03
Info: Fitter routing operations beginning
Info: Fitter routing operations ending: elapsed time is 00:00:00
Info: Quartus II Fitter was successful. 0 errors, 0 warnings
    Info: Peak virtual memory: 306 megabytes
    Info: Processing ended: Thu Jul 12 12:02:21 2018
    Info: Elapsed time: 00:00:06
    Info: Total CPU time (on all processors): 00:00:06


